2025-01-22 14:06:17,663 - INFO - Starting application...
2025-01-22 14:06:18,849 - INFO - 카메라 초기화 시작...
2025-01-22 14:06:21,893 - INFO - 카메라 초기화 완료
2025-01-22 14:06:21,967 - INFO - Application window created and shown
2025-01-22 14:12:46,911 - INFO - Starting application...
2025-01-22 14:12:47,916 - INFO - 카메라 초기화 시작...
2025-01-22 14:12:50,795 - INFO - 카메라 초기화 완료
2025-01-22 14:12:50,933 - INFO - Application window created and shown
2025-01-22 14:15:19,032 - INFO - Starting application...
2025-01-22 14:15:19,953 - INFO - 카메라 초기화 시작...
2025-01-22 14:15:22,846 - INFO - 카메라 초기화 완료
2025-01-22 14:15:22,941 - INFO - Application window created and shown
2025-01-22 14:17:02,637 - INFO - Starting application...
2025-01-22 14:17:06,288 - INFO - 카메라 초기화 시작...
2025-01-22 14:17:09,189 - INFO - 카메라 초기화 완료
2025-01-22 14:17:09,297 - INFO - Application window created and shown
2025-01-22 14:19:03,543 - INFO - Starting application...
2025-01-22 14:19:04,455 - INFO - 카메라 초기화 시작...
2025-01-22 14:19:07,350 - INFO - 카메라 초기화 완료
2025-01-22 14:19:07,450 - INFO - Application window created and shown
2025-01-22 14:20:49,258 - INFO - Starting application...
2025-01-22 14:20:50,432 - INFO - 카메라 초기화 시작...
2025-01-22 14:20:53,275 - INFO - 카메라 초기화 완료
2025-01-22 14:20:53,372 - INFO - Application window created and shown
2025-01-22 14:22:43,821 - INFO - Starting application...
2025-01-22 14:22:44,879 - INFO - 카메라 초기화 시작...
2025-01-22 14:22:47,722 - INFO - 카메라 초기화 완료
2025-01-22 14:22:47,822 - INFO - Application window created and shown
2025-01-22 14:26:24,142 - INFO - Starting application...
2025-01-22 14:26:25,075 - INFO - 카메라 초기화 시작...
2025-01-22 14:26:27,921 - INFO - 카메라 초기화 완료
2025-01-22 14:26:28,096 - INFO - Application window created and shown
2025-01-22 14:26:34,977 - INFO - Starting application...
2025-01-22 14:26:36,035 - INFO - 카메라 초기화 시작...
2025-01-22 14:26:38,879 - INFO - 카메라 초기화 완료
2025-01-22 14:26:38,980 - INFO - Application window created and shown
2025-01-22 14:30:41,662 - INFO - Starting application...
2025-01-22 14:30:42,659 - INFO - 카메라 초기화 시작...
2025-01-22 14:30:45,526 - INFO - 카메라 초기화 완료
2025-01-22 14:30:45,621 - INFO - Application window created and shown
2025-01-22 14:31:21,226 - INFO - Starting application...
2025-01-22 14:31:22,234 - INFO - 카메라 초기화 시작...
2025-01-22 14:31:25,089 - INFO - 카메라 초기화 완료
2025-01-22 14:31:25,190 - INFO - Application window created and shown
2025-01-22 14:32:28,860 - INFO - Starting application...
2025-01-22 14:32:29,776 - INFO - 카메라 초기화 시작...
2025-01-22 14:32:32,663 - INFO - 카메라 초기화 완료
2025-01-22 14:32:32,765 - INFO - Application window created and shown
2025-01-22 14:33:21,313 - INFO - Starting application...
2025-01-22 14:33:22,303 - INFO - 카메라 초기화 시작...
2025-01-22 14:33:25,150 - INFO - 카메라 초기화 완료
2025-01-22 14:33:25,244 - INFO - Application window created and shown
2025-01-22 15:25:13,902 - INFO - Starting application...
2025-01-22 15:25:14,783 - WARNING - Stylesheet not found at: C:\Users\user\Desktop\citizen-card-print\resources\styles\style.qss
2025-01-22 15:25:14,828 - INFO - 카메라 초기화 시작...
2025-01-22 15:25:17,694 - INFO - 카메라 초기화 완료
2025-01-22 15:25:17,798 - INFO - Application window created and shown
2025-01-22 15:26:23,793 - INFO - Starting application...
2025-01-22 15:26:24,679 - WARNING - Stylesheet not found at: C:\Users\user\Desktop\citizen-card-print\resources\styles\style.qss
2025-01-22 15:26:24,722 - INFO - 카메라 초기화 시작...
2025-01-22 15:26:27,582 - INFO - 카메라 초기화 완료
2025-01-22 15:26:27,691 - INFO - Application window created and shown
2025-01-22 15:27:11,894 - INFO - Starting application...
2025-01-22 15:27:12,838 - WARNING - Stylesheet not found at: C:\Users\user\Desktop\citizen-card-print\resources\styles\style.qss
2025-01-22 15:27:12,881 - INFO - 카메라 초기화 시작...
2025-01-22 15:27:15,726 - INFO - 카메라 초기화 완료
2025-01-22 15:27:15,831 - INFO - Application window created and shown
2025-01-22 15:28:00,106 - INFO - Starting application...
2025-01-22 15:28:00,986 - WARNING - Stylesheet not found at: C:\Users\user\Desktop\citizen-card-print\resources\styles\style.qss
2025-01-22 15:28:01,035 - INFO - 카메라 초기화 시작...
2025-01-22 15:28:03,918 - INFO - 카메라 초기화 완료
2025-01-22 15:28:04,023 - INFO - Application window created and shown
2025-01-22 15:29:06,855 - INFO - Starting application...
2025-01-22 15:29:07,726 - WARNING - Stylesheet not found at: C:\Users\user\Desktop\citizen-card-print\resources\styles\style.qss
2025-01-22 15:29:07,775 - INFO - 카메라 초기화 시작...
2025-01-22 15:29:10,638 - INFO - 카메라 초기화 완료
2025-01-22 15:29:10,746 - INFO - Application window created and shown
2025-01-22 15:35:08,456 - INFO - Starting application...
2025-01-22 15:35:09,348 - WARNING - Stylesheet not found at: C:\Users\user\Desktop\citizen-card-print\resources\styles\style.qss
2025-01-22 15:35:09,391 - INFO - 카메라 초기화 시작...
2025-01-22 15:35:12,244 - INFO - 카메라 초기화 완료
2025-01-22 15:35:12,330 - INFO - Application window created and shown
2025-01-22 15:35:17,862 - INFO - Starting application...
2025-01-22 15:35:18,760 - WARNING - Stylesheet not found at: C:\Users\user\Desktop\citizen-card-print\resources\styles\style.qss
2025-01-22 15:35:18,802 - INFO - 카메라 초기화 시작...
2025-01-22 15:35:21,646 - INFO - 카메라 초기화 완료
2025-01-22 15:35:21,759 - INFO - Application window created and shown
2025-01-22 15:35:27,031 - INFO - Starting application...
2025-01-22 15:35:27,925 - WARNING - Stylesheet not found at: C:\Users\user\Desktop\citizen-card-print\resources\styles\style.qss
2025-01-22 15:35:27,970 - INFO - 카메라 초기화 시작...
2025-01-22 15:35:30,833 - INFO - 카메라 초기화 완료
2025-01-22 15:35:30,941 - INFO - Application window created and shown
